[0.788s] DEBUG:colcon:Command line arguments: ['/usr/bin/colcon', 'build']
[0.788s] DEBUG:colcon:Parsed command line arguments: Namespace(log_base=None, log_level=None, verb_name='build', build_base='build', install_base='install', merge_install=False, symlink_install=False, test_result_base=None, continue_on_error=False, executor='parallel', parallel_workers=16, event_handlers=None, ignore_user_meta=False, metas=['./colcon.meta'], base_paths=['.'], packages_ignore=None, packages_ignore_regex=None, paths=None, packages_up_to=None, packages_up_to_regex=None, packages_above=None, packages_above_and_dependencies=None, packages_above_depth=None, packages_select_by_dep=None, packages_skip_by_dep=None, packages_skip_up_to=None, packages_select_build_failed=False, packages_skip_build_finished=False, packages_select_test_failures=False, packages_skip_test_passed=False, packages_select=None, packages_skip=None, packages_select_regex=None, packages_skip_regex=None, packages_start=None, packages_end=None, allow_overriding=[], cmake_args=None, cmake_target=None, cmake_target_skip_unavailable=False, cmake_clean_cache=False, cmake_clean_first=False, cmake_force_configure=False, ament_cmake_args=None, catkin_cmake_args=None, catkin_skip_building_tests=False, mixin_files=None, mixin=None, verb_parser=<colcon_mixin.mixin.mixin_argument.MixinArgumentDecorator object at 0x7fafa9c6c100>, verb_extension=<colcon_core.verb.build.BuildVerb object at 0x7fafa9d78880>, main=<bound method BuildVerb.main of <colcon_core.verb.build.BuildVerb object at 0x7fafa9d78880>>, mixin_verb=('build',))
[1.659s] Level 1:colcon.colcon_core.package_discovery:discover_packages(colcon_meta) check parameters
[1.659s] Level 1:colcon.colcon_core.package_discovery:discover_packages(recursive) check parameters
[1.659s] Level 1:colcon.colcon_core.package_discovery:discover_packages(ignore) check parameters
[1.659s] Level 1:colcon.colcon_core.package_discovery:discover_packages(path) check parameters
[1.659s] Level 1:colcon.colcon_core.package_discovery:discover_packages(colcon_meta) discover
[1.659s] Level 1:colcon.colcon_core.package_discovery:discover_packages(recursive) discover
[1.659s] INFO:colcon.colcon_core.package_discovery:Crawling recursively for packages in '/home/liam/CS460_HW1/fall2024-cs460-indoor-env'
[1.659s] Level 1:colcon.colcon_core.package_identification:_identify(.) by extensions ['ignore', 'ignore_ament_install']
[1.659s] Level 1:colcon.colcon_core.package_identification:_identify(.) by extension 'ignore'
[1.659s] Level 1:colcon.colcon_core.package_identification:_identify(.) by extension 'ignore_ament_install'
[1.660s] Level 1:colcon.colcon_core.package_identification:_identify(.) by extensions ['colcon_pkg']
[1.660s] Level 1:colcon.colcon_core.package_identification:_identify(.) by extension 'colcon_pkg'
[1.660s] Level 1:colcon.colcon_core.package_identification:_identify(.) by extensions ['colcon_meta']
[1.660s] Level 1:colcon.colcon_core.package_identification:_identify(.) by extension 'colcon_meta'
[1.660s] Level 1:colcon.colcon_core.package_identification:_identify(.) by extensions ['ros']
[1.660s] Level 1:colcon.colcon_core.package_identification:_identify(.) by extension 'ros'
[1.674s] Level 1:colcon.colcon_core.package_identification:_identify(.) by extensions ['cmake', 'python']
[1.674s] Level 1:colcon.colcon_core.package_identification:_identify(.) by extension 'cmake'
[1.674s] Level 1:colcon.colcon_core.package_identification:_identify(.) by extension 'python'
[1.674s] Level 1:colcon.colcon_core.package_identification:_identify(.) by extensions ['python_setup_py']
[1.674s] Level 1:colcon.colcon_core.package_identification:_identify(.) by extension 'python_setup_py'
[1.674s] Level 1:colcon.colcon_core.package_identification:_identify(build) by extensions ['ignore', 'ignore_ament_install']
[1.674s] Level 1:colcon.colcon_core.package_identification:_identify(build) by extension 'ignore'
[1.675s] Level 1:colcon.colcon_core.package_identification:_identify(build) ignored
[1.675s] Level 1:colcon.colcon_core.package_identification:_identify(install) by extensions ['ignore', 'ignore_ament_install']
[1.675s] Level 1:colcon.colcon_core.package_identification:_identify(install) by extension 'ignore'
[1.675s] Level 1:colcon.colcon_core.package_identification:_identify(install) ignored
[1.675s] Level 1:colcon.colcon_core.package_identification:_identify(log) by extensions ['ignore', 'ignore_ament_install']
[1.675s] Level 1:colcon.colcon_core.package_identification:_identify(log) by extension 'ignore'
[1.675s] Level 1:colcon.colcon_core.package_identification:_identify(log) ignored
[1.675s] Level 1:colcon.colcon_core.package_identification:_identify(myenv) by extensions ['ignore', 'ignore_ament_install']
[1.675s] Level 1:colcon.colcon_core.package_identification:_identify(myenv) by extension 'ignore'
[1.675s] Level 1:colcon.colcon_core.package_identification:_identify(myenv) by extension 'ignore_ament_install'
[1.675s] Level 1:colcon.colcon_core.package_identification:_identify(myenv) by extensions ['colcon_pkg']
[1.675s] Level 1:colcon.colcon_core.package_identification:_identify(myenv) by extension 'colcon_pkg'
[1.676s] Level 1:colcon.colcon_core.package_identification:_identify(myenv) by extensions ['colcon_meta']
[1.676s] Level 1:colcon.colcon_core.package_identification:_identify(myenv) by extension 'colcon_meta'
[1.676s] Level 1:colcon.colcon_core.package_identification:_identify(myenv) by extensions ['ros']
[1.676s] Level 1:colcon.colcon_core.package_identification:_identify(myenv) by extension 'ros'
[1.679s] DEBUG:colcon.colcon_core.package_identification:Package 'myenv' with type 'ros.ament_python' and name 'myenv'
[1.679s] Level 1:colcon.colcon_core.package_discovery:discover_packages(recursive) using defaults
[1.680s] Level 1:colcon.colcon_core.package_discovery:discover_packages(ignore) discover
[1.680s] Level 1:colcon.colcon_core.package_discovery:discover_packages(ignore) using defaults
[1.680s] Level 1:colcon.colcon_core.package_discovery:discover_packages(path) discover
[1.680s] Level 1:colcon.colcon_core.package_discovery:discover_packages(path) using defaults
[1.723s] Level 1:colcon.colcon_core.package_discovery:discover_packages(prefix_path) check parameters
[1.723s] Level 1:colcon.colcon_core.package_discovery:discover_packages(prefix_path) discover
[1.728s] DEBUG:colcon.colcon_installed_package_information.package_discovery:Found 1 installed packages in /home/liam/f24_robotics/install
[1.729s] DEBUG:colcon.colcon_installed_package_information.package_discovery:Found 14 installed packages in /home/liam/ros2_ws/install
[1.730s] DEBUG:colcon.colcon_installed_package_information.package_discovery:Found 317 installed packages in /opt/ros/humble
[1.733s] Level 1:colcon.colcon_core.package_discovery:discover_packages(prefix_path) using defaults
[1.795s] Level 5:colcon.colcon_core.verb:set package 'myenv' build argument 'cmake_args' from command line to 'None'
[1.795s] Level 5:colcon.colcon_core.verb:set package 'myenv' build argument 'cmake_target' from command line to 'None'
[1.795s] Level 5:colcon.colcon_core.verb:set package 'myenv' build argument 'cmake_target_skip_unavailable' from command line to 'False'
[1.795s] Level 5:colcon.colcon_core.verb:set package 'myenv' build argument 'cmake_clean_cache' from command line to 'False'
[1.795s] Level 5:colcon.colcon_core.verb:set package 'myenv' build argument 'cmake_clean_first' from command line to 'False'
[1.795s] Level 5:colcon.colcon_core.verb:set package 'myenv' build argument 'cmake_force_configure' from command line to 'False'
[1.795s] Level 5:colcon.colcon_core.verb:set package 'myenv' build argument 'ament_cmake_args' from command line to 'None'
[1.795s] Level 5:colcon.colcon_core.verb:set package 'myenv' build argument 'catkin_cmake_args' from command line to 'None'
[1.795s] Level 5:colcon.colcon_core.verb:set package 'myenv' build argument 'catkin_skip_building_tests' from command line to 'False'
[1.795s] DEBUG:colcon.colcon_core.verb:Building package 'myenv' with the following arguments: {'ament_cmake_args': None, 'build_base': '/home/liam/CS460_HW1/fall2024-cs460-indoor-env/build/myenv', 'catkin_cmake_args': None, 'catkin_skip_building_tests': False, 'cmake_args': None, 'cmake_clean_cache': False, 'cmake_clean_first': False, 'cmake_force_configure': False, 'cmake_target': None, 'cmake_target_skip_unavailable': False, 'install_base': '/home/liam/CS460_HW1/fall2024-cs460-indoor-env/install/myenv', 'merge_install': False, 'path': '/home/liam/CS460_HW1/fall2024-cs460-indoor-env/myenv', 'symlink_install': False, 'test_result_base': None}
[1.795s] INFO:colcon.colcon_core.executor:Executing jobs using 'parallel' executor
[1.796s] DEBUG:colcon.colcon_parallel_executor.executor.parallel:run_until_complete
[1.796s] INFO:colcon.colcon_ros.task.ament_python.build:Building ROS package in '/home/liam/CS460_HW1/fall2024-cs460-indoor-env/myenv' with build type 'ament_python'
[1.797s] Level 1:colcon.colcon_core.shell:create_environment_hook('myenv', 'ament_prefix_path')
[1.803s] INFO:colcon.colcon_core.plugin_system:Skipping extension 'colcon_core.shell.bat': Not used on non-Windows systems
[1.803s] INFO:colcon.colcon_core.shell:Creating environment hook '/home/liam/CS460_HW1/fall2024-cs460-indoor-env/install/myenv/share/myenv/hook/ament_prefix_path.ps1'
[1.804s] INFO:colcon.colcon_core.shell:Creating environment descriptor '/home/liam/CS460_HW1/fall2024-cs460-indoor-env/install/myenv/share/myenv/hook/ament_prefix_path.dsv'
[1.805s] INFO:colcon.colcon_core.shell:Creating environment hook '/home/liam/CS460_HW1/fall2024-cs460-indoor-env/install/myenv/share/myenv/hook/ament_prefix_path.sh'
[1.806s] INFO:colcon.colcon_core.shell:Skip shell extension 'powershell' for command environment: Not usable outside of PowerShell
[1.806s] DEBUG:colcon.colcon_core.shell:Skip shell extension 'dsv' for command environment
[2.267s] INFO:colcon.colcon_core.task.python.build:Building Python package in '/home/liam/CS460_HW1/fall2024-cs460-indoor-env/myenv'
[2.268s] INFO:colcon.colcon_core.shell:Skip shell extension 'powershell' for command environment: Not usable outside of PowerShell
[2.268s] DEBUG:colcon.colcon_core.shell:Skip shell extension 'dsv' for command environment
[3.356s] DEBUG:colcon.colcon_core.event_handler.log_command:Invoking command in '/home/liam/CS460_HW1/fall2024-cs460-indoor-env/myenv': PYTHONPATH=/home/liam/CS460_HW1/fall2024-cs460-indoor-env/build/myenv/prefix_override:/usr/lib/python3/dist-packages/colcon_core/task/python/colcon_distutils_commands:/home/liam/CS460_HW1/fall2024-cs460-indoor-env/install/myenv/lib/python3.10/site-packages:${PYTHONPATH} /usr/bin/python3 -W ignore:setup.py install is deprecated setup.py egg_info --egg-base ../build/myenv build --build-base /home/liam/CS460_HW1/fall2024-cs460-indoor-env/build/myenv/build install --record /home/liam/CS460_HW1/fall2024-cs460-indoor-env/build/myenv/install.log --single-version-externally-managed install_data
[3.873s] DEBUG:colcon.colcon_core.event_handler.log_command:Invoked command in '/home/liam/CS460_HW1/fall2024-cs460-indoor-env/myenv' returned '0': PYTHONPATH=/home/liam/CS460_HW1/fall2024-cs460-indoor-env/build/myenv/prefix_override:/usr/lib/python3/dist-packages/colcon_core/task/python/colcon_distutils_commands:/home/liam/CS460_HW1/fall2024-cs460-indoor-env/install/myenv/lib/python3.10/site-packages:${PYTHONPATH} /usr/bin/python3 -W ignore:setup.py install is deprecated setup.py egg_info --egg-base ../build/myenv build --build-base /home/liam/CS460_HW1/fall2024-cs460-indoor-env/build/myenv/build install --record /home/liam/CS460_HW1/fall2024-cs460-indoor-env/build/myenv/install.log --single-version-externally-managed install_data
[3.883s] Level 1:colcon.colcon_core.environment:checking '/home/liam/CS460_HW1/fall2024-cs460-indoor-env/install/myenv' for CMake module files
[3.883s] Level 1:colcon.colcon_core.environment:checking '/home/liam/CS460_HW1/fall2024-cs460-indoor-env/install/myenv' for CMake config files
[3.884s] Level 1:colcon.colcon_core.environment:checking '/home/liam/CS460_HW1/fall2024-cs460-indoor-env/install/myenv/lib'
[3.884s] Level 1:colcon.colcon_core.environment:checking '/home/liam/CS460_HW1/fall2024-cs460-indoor-env/install/myenv/bin'
[3.884s] Level 1:colcon.colcon_core.environment:checking '/home/liam/CS460_HW1/fall2024-cs460-indoor-env/install/myenv/lib/pkgconfig/myenv.pc'
[3.884s] Level 1:colcon.colcon_core.environment:checking '/home/liam/CS460_HW1/fall2024-cs460-indoor-env/install/myenv/lib/python3.10/site-packages'
[3.884s] Level 1:colcon.colcon_core.shell:create_environment_hook('myenv', 'pythonpath')
[3.885s] INFO:colcon.colcon_core.shell:Creating environment hook '/home/liam/CS460_HW1/fall2024-cs460-indoor-env/install/myenv/share/myenv/hook/pythonpath.ps1'
[3.885s] INFO:colcon.colcon_core.shell:Creating environment descriptor '/home/liam/CS460_HW1/fall2024-cs460-indoor-env/install/myenv/share/myenv/hook/pythonpath.dsv'
[3.885s] INFO:colcon.colcon_core.shell:Creating environment hook '/home/liam/CS460_HW1/fall2024-cs460-indoor-env/install/myenv/share/myenv/hook/pythonpath.sh'
[3.886s] Level 1:colcon.colcon_core.environment:checking '/home/liam/CS460_HW1/fall2024-cs460-indoor-env/install/myenv/bin'
[3.886s] Level 1:colcon.colcon_core.environment:create_environment_scripts_only(myenv)
[3.886s] INFO:colcon.colcon_core.shell:Creating package script '/home/liam/CS460_HW1/fall2024-cs460-indoor-env/install/myenv/share/myenv/package.ps1'
[3.887s] INFO:colcon.colcon_core.shell:Creating package descriptor '/home/liam/CS460_HW1/fall2024-cs460-indoor-env/install/myenv/share/myenv/package.dsv'
[3.888s] INFO:colcon.colcon_core.shell:Creating package script '/home/liam/CS460_HW1/fall2024-cs460-indoor-env/install/myenv/share/myenv/package.sh'
[3.889s] INFO:colcon.colcon_core.shell:Creating package script '/home/liam/CS460_HW1/fall2024-cs460-indoor-env/install/myenv/share/myenv/package.bash'
[3.890s] INFO:colcon.colcon_core.shell:Creating package script '/home/liam/CS460_HW1/fall2024-cs460-indoor-env/install/myenv/share/myenv/package.zsh'
[3.891s] Level 1:colcon.colcon_core.environment:create_file_with_runtime_dependencies(/home/liam/CS460_HW1/fall2024-cs460-indoor-env/install/myenv/share/colcon-core/packages/myenv)
[3.892s] DEBUG:colcon.colcon_parallel_executor.executor.parallel:closing loop
[3.892s] DEBUG:colcon.colcon_parallel_executor.executor.parallel:loop closed
[3.892s] DEBUG:colcon.colcon_parallel_executor.executor.parallel:run_until_complete finished with '0'
[3.892s] DEBUG:colcon.colcon_core.event_reactor:joining thread
[3.899s] INFO:colcon.colcon_core.plugin_system:Skipping extension 'colcon_notification.desktop_notification.terminal_notifier': Not used on non-Darwin systems
[3.899s] INFO:colcon.colcon_core.plugin_system:Skipping extension 'colcon_notification.desktop_notification.win32': Not used on non-Windows systems
[3.899s] INFO:colcon.colcon_notification.desktop_notification:Sending desktop notification using 'notify2'
[3.926s] DEBUG:colcon.colcon_core.event_reactor:joined thread
[3.927s] INFO:colcon.colcon_core.shell:Creating prefix script '/home/liam/CS460_HW1/fall2024-cs460-indoor-env/install/local_setup.ps1'
[3.928s] INFO:colcon.colcon_core.shell:Creating prefix util module '/home/liam/CS460_HW1/fall2024-cs460-indoor-env/install/_local_setup_util_ps1.py'
[3.931s] INFO:colcon.colcon_core.shell:Creating prefix chain script '/home/liam/CS460_HW1/fall2024-cs460-indoor-env/install/setup.ps1'
[3.935s] INFO:colcon.colcon_core.shell:Creating prefix script '/home/liam/CS460_HW1/fall2024-cs460-indoor-env/install/local_setup.sh'
[3.936s] INFO:colcon.colcon_core.shell:Creating prefix util module '/home/liam/CS460_HW1/fall2024-cs460-indoor-env/install/_local_setup_util_sh.py'
[3.937s] INFO:colcon.colcon_core.shell:Creating prefix chain script '/home/liam/CS460_HW1/fall2024-cs460-indoor-env/install/setup.sh'
[3.940s] INFO:colcon.colcon_core.shell:Creating prefix script '/home/liam/CS460_HW1/fall2024-cs460-indoor-env/install/local_setup.bash'
[3.941s] INFO:colcon.colcon_core.shell:Creating prefix chain script '/home/liam/CS460_HW1/fall2024-cs460-indoor-env/install/setup.bash'
[3.945s] INFO:colcon.colcon_core.shell:Creating prefix script '/home/liam/CS460_HW1/fall2024-cs460-indoor-env/install/local_setup.zsh'
[3.947s] INFO:colcon.colcon_core.shell:Creating prefix chain script '/home/liam/CS460_HW1/fall2024-cs460-indoor-env/install/setup.zsh'
