[0.085s] DEBUG:colcon:Command line arguments: ['/usr/bin/colcon', 'build']
[0.085s] DEBUG:colcon:Parsed command line arguments: Namespace(log_base=None, log_level=None, verb_name='build', build_base='build', install_base='install', merge_install=False, symlink_install=False, test_result_base=None, continue_on_error=False, executor='parallel', parallel_workers=16, event_handlers=None, ignore_user_meta=False, metas=['./colcon.meta'], base_paths=['.'], packages_ignore=None, packages_ignore_regex=None, paths=None, packages_up_to=None, packages_up_to_regex=None, packages_above=None, packages_above_and_dependencies=None, packages_above_depth=None, packages_select_by_dep=None, packages_skip_by_dep=None, packages_skip_up_to=None, packages_select_build_failed=False, packages_skip_build_finished=False, packages_select_test_failures=False, packages_skip_test_passed=False, packages_select=None, packages_skip=None, packages_select_regex=None, packages_skip_regex=None, packages_start=None, packages_end=None, allow_overriding=[], cmake_args=None, cmake_target=None, cmake_target_skip_unavailable=False, cmake_clean_cache=False, cmake_clean_first=False, cmake_force_configure=False, ament_cmake_args=None, catkin_cmake_args=None, catkin_skip_building_tests=False, mixin_files=None, mixin=None, verb_parser=<colcon_mixin.mixin.mixin_argument.MixinArgumentDecorator object at 0x7b7592460a90>, verb_extension=<colcon_core.verb.build.BuildVerb object at 0x7b759256d0f0>, main=<bound method BuildVerb.main of <colcon_core.verb.build.BuildVerb object at 0x7b759256d0f0>>, mixin_verb=('build',))
[0.221s] Level 1:colcon.colcon_core.package_discovery:discover_packages(colcon_meta) check parameters
[0.221s] Level 1:colcon.colcon_core.package_discovery:discover_packages(recursive) check parameters
[0.221s] Level 1:colcon.colcon_core.package_discovery:discover_packages(ignore) check parameters
[0.221s] Level 1:colcon.colcon_core.package_discovery:discover_packages(path) check parameters
[0.221s] Level 1:colcon.colcon_core.package_discovery:discover_packages(colcon_meta) discover
[0.221s] Level 1:colcon.colcon_core.package_discovery:discover_packages(recursive) discover
[0.221s] INFO:colcon.colcon_core.package_discovery:Crawling recursively for packages in '/home/liam/CS460_HW1/fall2024-cs460-outdoor-env/outdoorenv'
[0.221s] Level 1:colcon.colcon_core.package_identification:_identify(.) by extensions ['ignore', 'ignore_ament_install']
[0.221s] Level 1:colcon.colcon_core.package_identification:_identify(.) by extension 'ignore'
[0.221s] Level 1:colcon.colcon_core.package_identification:_identify(.) by extension 'ignore_ament_install'
[0.221s] Level 1:colcon.colcon_core.package_identification:_identify(.) by extensions ['colcon_pkg']
[0.221s] Level 1:colcon.colcon_core.package_identification:_identify(.) by extension 'colcon_pkg'
[0.221s] Level 1:colcon.colcon_core.package_identification:_identify(.) by extensions ['colcon_meta']
[0.221s] Level 1:colcon.colcon_core.package_identification:_identify(.) by extension 'colcon_meta'
[0.221s] Level 1:colcon.colcon_core.package_identification:_identify(.) by extensions ['ros']
[0.221s] Level 1:colcon.colcon_core.package_identification:_identify(.) by extension 'ros'
[0.230s] DEBUG:colcon.colcon_core.package_identification:Package '.' with type 'ros.ament_python' and name 'outdoorenv'
[0.230s] Level 1:colcon.colcon_core.package_discovery:discover_packages(recursive) using defaults
[0.230s] Level 1:colcon.colcon_core.package_discovery:discover_packages(ignore) discover
[0.230s] Level 1:colcon.colcon_core.package_discovery:discover_packages(ignore) using defaults
[0.230s] Level 1:colcon.colcon_core.package_discovery:discover_packages(path) discover
[0.230s] Level 1:colcon.colcon_core.package_discovery:discover_packages(path) using defaults
[0.250s] Level 1:colcon.colcon_core.package_discovery:discover_packages(prefix_path) check parameters
[0.250s] Level 1:colcon.colcon_core.package_discovery:discover_packages(prefix_path) discover
[0.251s] DEBUG:colcon.colcon_installed_package_information.package_discovery:Found 1 installed packages in /home/liam/CS460_HW1/fall2024-cs460-outdoor-env/outdoorenv/install
[0.252s] DEBUG:colcon.colcon_installed_package_information.package_discovery:Found 1 installed packages in /home/liam/f24_robotics/install
[0.252s] DEBUG:colcon.colcon_installed_package_information.package_discovery:Found 14 installed packages in /home/liam/ros2_ws/install
[0.253s] DEBUG:colcon.colcon_installed_package_information.package_discovery:Found 401 installed packages in /opt/ros/humble
[0.255s] Level 1:colcon.colcon_core.package_discovery:discover_packages(prefix_path) using defaults
[0.293s] Level 5:colcon.colcon_core.verb:set package 'outdoorenv' build argument 'cmake_args' from command line to 'None'
[0.293s] Level 5:colcon.colcon_core.verb:set package 'outdoorenv' build argument 'cmake_target' from command line to 'None'
[0.293s] Level 5:colcon.colcon_core.verb:set package 'outdoorenv' build argument 'cmake_target_skip_unavailable' from command line to 'False'
[0.293s] Level 5:colcon.colcon_core.verb:set package 'outdoorenv' build argument 'cmake_clean_cache' from command line to 'False'
[0.293s] Level 5:colcon.colcon_core.verb:set package 'outdoorenv' build argument 'cmake_clean_first' from command line to 'False'
[0.293s] Level 5:colcon.colcon_core.verb:set package 'outdoorenv' build argument 'cmake_force_configure' from command line to 'False'
[0.293s] Level 5:colcon.colcon_core.verb:set package 'outdoorenv' build argument 'ament_cmake_args' from command line to 'None'
[0.293s] Level 5:colcon.colcon_core.verb:set package 'outdoorenv' build argument 'catkin_cmake_args' from command line to 'None'
[0.293s] Level 5:colcon.colcon_core.verb:set package 'outdoorenv' build argument 'catkin_skip_building_tests' from command line to 'False'
[0.293s] DEBUG:colcon.colcon_core.verb:Building package 'outdoorenv' with the following arguments: {'ament_cmake_args': None, 'build_base': '/home/liam/CS460_HW1/fall2024-cs460-outdoor-env/outdoorenv/build/outdoorenv', 'catkin_cmake_args': None, 'catkin_skip_building_tests': False, 'cmake_args': None, 'cmake_clean_cache': False, 'cmake_clean_first': False, 'cmake_force_configure': False, 'cmake_target': None, 'cmake_target_skip_unavailable': False, 'install_base': '/home/liam/CS460_HW1/fall2024-cs460-outdoor-env/outdoorenv/install/outdoorenv', 'merge_install': False, 'path': '/home/liam/CS460_HW1/fall2024-cs460-outdoor-env/outdoorenv', 'symlink_install': False, 'test_result_base': None}
[0.293s] INFO:colcon.colcon_core.executor:Executing jobs using 'parallel' executor
[0.294s] DEBUG:colcon.colcon_parallel_executor.executor.parallel:run_until_complete
[0.294s] INFO:colcon.colcon_ros.task.ament_python.build:Building ROS package in '/home/liam/CS460_HW1/fall2024-cs460-outdoor-env/outdoorenv' with build type 'ament_python'
[0.294s] Level 1:colcon.colcon_core.shell:create_environment_hook('outdoorenv', 'ament_prefix_path')
[0.296s] INFO:colcon.colcon_core.plugin_system:Skipping extension 'colcon_core.shell.bat': Not used on non-Windows systems
[0.296s] INFO:colcon.colcon_core.shell:Creating environment hook '/home/liam/CS460_HW1/fall2024-cs460-outdoor-env/outdoorenv/install/outdoorenv/share/outdoorenv/hook/ament_prefix_path.ps1'
[0.297s] INFO:colcon.colcon_core.shell:Creating environment descriptor '/home/liam/CS460_HW1/fall2024-cs460-outdoor-env/outdoorenv/install/outdoorenv/share/outdoorenv/hook/ament_prefix_path.dsv'
[0.297s] INFO:colcon.colcon_core.shell:Creating environment hook '/home/liam/CS460_HW1/fall2024-cs460-outdoor-env/outdoorenv/install/outdoorenv/share/outdoorenv/hook/ament_prefix_path.sh'
[0.297s] INFO:colcon.colcon_core.shell:Skip shell extension 'powershell' for command environment: Not usable outside of PowerShell
[0.297s] DEBUG:colcon.colcon_core.shell:Skip shell extension 'dsv' for command environment
[0.498s] INFO:colcon.colcon_core.task.python.build:Building Python package in '/home/liam/CS460_HW1/fall2024-cs460-outdoor-env/outdoorenv'
[0.499s] INFO:colcon.colcon_core.shell:Skip shell extension 'powershell' for command environment: Not usable outside of PowerShell
[0.499s] DEBUG:colcon.colcon_core.shell:Skip shell extension 'dsv' for command environment
[0.775s] DEBUG:colcon.colcon_core.event_handler.log_command:Invoking command in '/home/liam/CS460_HW1/fall2024-cs460-outdoor-env/outdoorenv': PYTHONPATH=/home/liam/CS460_HW1/fall2024-cs460-outdoor-env/outdoorenv/build/outdoorenv/prefix_override:/usr/lib/python3/dist-packages/colcon_core/task/python/colcon_distutils_commands:/home/liam/CS460_HW1/fall2024-cs460-outdoor-env/outdoorenv/install/outdoorenv/lib/python3.10/site-packages:${PYTHONPATH} /usr/bin/python3 -W ignore:setup.py install is deprecated setup.py egg_info --egg-base build/outdoorenv build --build-base /home/liam/CS460_HW1/fall2024-cs460-outdoor-env/outdoorenv/build/outdoorenv/build install --record /home/liam/CS460_HW1/fall2024-cs460-outdoor-env/outdoorenv/build/outdoorenv/install.log --single-version-externally-managed install_data
[1.004s] DEBUG:colcon.colcon_core.event_handler.log_command:Invoked command in '/home/liam/CS460_HW1/fall2024-cs460-outdoor-env/outdoorenv' returned '0': PYTHONPATH=/home/liam/CS460_HW1/fall2024-cs460-outdoor-env/outdoorenv/build/outdoorenv/prefix_override:/usr/lib/python3/dist-packages/colcon_core/task/python/colcon_distutils_commands:/home/liam/CS460_HW1/fall2024-cs460-outdoor-env/outdoorenv/install/outdoorenv/lib/python3.10/site-packages:${PYTHONPATH} /usr/bin/python3 -W ignore:setup.py install is deprecated setup.py egg_info --egg-base build/outdoorenv build --build-base /home/liam/CS460_HW1/fall2024-cs460-outdoor-env/outdoorenv/build/outdoorenv/build install --record /home/liam/CS460_HW1/fall2024-cs460-outdoor-env/outdoorenv/build/outdoorenv/install.log --single-version-externally-managed install_data
[1.006s] Level 1:colcon.colcon_core.environment:checking '/home/liam/CS460_HW1/fall2024-cs460-outdoor-env/outdoorenv/install/outdoorenv' for CMake module files
[1.006s] Level 1:colcon.colcon_core.environment:checking '/home/liam/CS460_HW1/fall2024-cs460-outdoor-env/outdoorenv/install/outdoorenv' for CMake config files
[1.006s] Level 1:colcon.colcon_core.environment:checking '/home/liam/CS460_HW1/fall2024-cs460-outdoor-env/outdoorenv/install/outdoorenv/lib'
[1.006s] Level 1:colcon.colcon_core.environment:checking '/home/liam/CS460_HW1/fall2024-cs460-outdoor-env/outdoorenv/install/outdoorenv/bin'
[1.006s] Level 1:colcon.colcon_core.environment:checking '/home/liam/CS460_HW1/fall2024-cs460-outdoor-env/outdoorenv/install/outdoorenv/lib/pkgconfig/outdoorenv.pc'
[1.007s] Level 1:colcon.colcon_core.environment:checking '/home/liam/CS460_HW1/fall2024-cs460-outdoor-env/outdoorenv/install/outdoorenv/lib/python3.10/site-packages'
[1.007s] Level 1:colcon.colcon_core.shell:create_environment_hook('outdoorenv', 'pythonpath')
[1.007s] INFO:colcon.colcon_core.shell:Creating environment hook '/home/liam/CS460_HW1/fall2024-cs460-outdoor-env/outdoorenv/install/outdoorenv/share/outdoorenv/hook/pythonpath.ps1'
[1.007s] INFO:colcon.colcon_core.shell:Creating environment descriptor '/home/liam/CS460_HW1/fall2024-cs460-outdoor-env/outdoorenv/install/outdoorenv/share/outdoorenv/hook/pythonpath.dsv'
[1.007s] INFO:colcon.colcon_core.shell:Creating environment hook '/home/liam/CS460_HW1/fall2024-cs460-outdoor-env/outdoorenv/install/outdoorenv/share/outdoorenv/hook/pythonpath.sh'
[1.008s] Level 1:colcon.colcon_core.environment:checking '/home/liam/CS460_HW1/fall2024-cs460-outdoor-env/outdoorenv/install/outdoorenv/bin'
[1.008s] Level 1:colcon.colcon_core.environment:create_environment_scripts_only(outdoorenv)
[1.008s] INFO:colcon.colcon_core.shell:Creating package script '/home/liam/CS460_HW1/fall2024-cs460-outdoor-env/outdoorenv/install/outdoorenv/share/outdoorenv/package.ps1'
[1.008s] INFO:colcon.colcon_core.shell:Creating package descriptor '/home/liam/CS460_HW1/fall2024-cs460-outdoor-env/outdoorenv/install/outdoorenv/share/outdoorenv/package.dsv'
[1.009s] INFO:colcon.colcon_core.shell:Creating package script '/home/liam/CS460_HW1/fall2024-cs460-outdoor-env/outdoorenv/install/outdoorenv/share/outdoorenv/package.sh'
[1.009s] INFO:colcon.colcon_core.shell:Creating package script '/home/liam/CS460_HW1/fall2024-cs460-outdoor-env/outdoorenv/install/outdoorenv/share/outdoorenv/package.bash'
[1.010s] INFO:colcon.colcon_core.shell:Creating package script '/home/liam/CS460_HW1/fall2024-cs460-outdoor-env/outdoorenv/install/outdoorenv/share/outdoorenv/package.zsh'
[1.010s] Level 1:colcon.colcon_core.environment:create_file_with_runtime_dependencies(/home/liam/CS460_HW1/fall2024-cs460-outdoor-env/outdoorenv/install/outdoorenv/share/colcon-core/packages/outdoorenv)
[1.010s] DEBUG:colcon.colcon_parallel_executor.executor.parallel:closing loop
[1.011s] DEBUG:colcon.colcon_parallel_executor.executor.parallel:loop closed
[1.011s] DEBUG:colcon.colcon_parallel_executor.executor.parallel:run_until_complete finished with '0'
[1.011s] DEBUG:colcon.colcon_core.event_reactor:joining thread
[1.014s] INFO:colcon.colcon_core.plugin_system:Skipping extension 'colcon_notification.desktop_notification.terminal_notifier': Not used on non-Darwin systems
[1.014s] INFO:colcon.colcon_core.plugin_system:Skipping extension 'colcon_notification.desktop_notification.win32': Not used on non-Windows systems
[1.015s] INFO:colcon.colcon_notification.desktop_notification:Sending desktop notification using 'notify2'
[1.022s] DEBUG:colcon.colcon_core.event_reactor:joined thread
[1.022s] INFO:colcon.colcon_core.shell:Creating prefix script '/home/liam/CS460_HW1/fall2024-cs460-outdoor-env/outdoorenv/install/local_setup.ps1'
[1.023s] INFO:colcon.colcon_core.shell:Creating prefix util module '/home/liam/CS460_HW1/fall2024-cs460-outdoor-env/outdoorenv/install/_local_setup_util_ps1.py'
[1.024s] INFO:colcon.colcon_core.shell:Creating prefix chain script '/home/liam/CS460_HW1/fall2024-cs460-outdoor-env/outdoorenv/install/setup.ps1'
[1.025s] INFO:colcon.colcon_core.shell:Creating prefix script '/home/liam/CS460_HW1/fall2024-cs460-outdoor-env/outdoorenv/install/local_setup.sh'
[1.025s] INFO:colcon.colcon_core.shell:Creating prefix util module '/home/liam/CS460_HW1/fall2024-cs460-outdoor-env/outdoorenv/install/_local_setup_util_sh.py'
[1.026s] INFO:colcon.colcon_core.shell:Creating prefix chain script '/home/liam/CS460_HW1/fall2024-cs460-outdoor-env/outdoorenv/install/setup.sh'
[1.027s] INFO:colcon.colcon_core.shell:Creating prefix script '/home/liam/CS460_HW1/fall2024-cs460-outdoor-env/outdoorenv/install/local_setup.bash'
[1.027s] INFO:colcon.colcon_core.shell:Creating prefix chain script '/home/liam/CS460_HW1/fall2024-cs460-outdoor-env/outdoorenv/install/setup.bash'
[1.028s] INFO:colcon.colcon_core.shell:Creating prefix script '/home/liam/CS460_HW1/fall2024-cs460-outdoor-env/outdoorenv/install/local_setup.zsh'
[1.029s] INFO:colcon.colcon_core.shell:Creating prefix chain script '/home/liam/CS460_HW1/fall2024-cs460-outdoor-env/outdoorenv/install/setup.zsh'
