[1.558s] Invoking command in '/home/liam/CS460_HW1/fall2024-cs460-indoor-env/myenv': PYTHONPATH=/home/liam/CS460_HW1/fall2024-cs460-indoor-env/build/myenv/prefix_override:/usr/lib/python3/dist-packages/colcon_core/task/python/colcon_distutils_commands:/home/liam/CS460_HW1/fall2024-cs460-indoor-env/install/myenv/lib/python3.10/site-packages:${PYTHONPATH} /usr/bin/python3 -W ignore:setup.py install is deprecated setup.py egg_info --egg-base ../build/myenv build --build-base /home/liam/CS460_HW1/fall2024-cs460-indoor-env/build/myenv/build install --record /home/liam/CS460_HW1/fall2024-cs460-indoor-env/build/myenv/install.log --single-version-externally-managed install_data
[2.026s] running egg_info
[2.027s] writing ../build/myenv/myenv.egg-info/PKG-INFO
[2.027s] writing dependency_links to ../build/myenv/myenv.egg-info/dependency_links.txt
[2.028s] writing entry points to ../build/myenv/myenv.egg-info/entry_points.txt
[2.028s] writing requirements to ../build/myenv/myenv.egg-info/requires.txt
[2.028s] writing top-level names to ../build/myenv/myenv.egg-info/top_level.txt
[2.030s] reading manifest file '../build/myenv/myenv.egg-info/SOURCES.txt'
[2.030s] adding license file 'LICENSE'
[2.031s] writing manifest file '../build/myenv/myenv.egg-info/SOURCES.txt'
[2.031s] running build
[2.032s] running build_py
[2.032s] running install
[2.032s] running install_lib
[2.033s] running install_data
[2.034s] running install_egg_info
[2.036s] removing '/home/liam/CS460_HW1/fall2024-cs460-indoor-env/install/myenv/lib/python3.10/site-packages/myenv-0.0.0-py3.10.egg-info' (and everything under it)
[2.037s] Copying ../build/myenv/myenv.egg-info to /home/liam/CS460_HW1/fall2024-cs460-indoor-env/install/myenv/lib/python3.10/site-packages/myenv-0.0.0-py3.10.egg-info
[2.037s] running install_scripts
[2.058s] writing list of installed files to '/home/liam/CS460_HW1/fall2024-cs460-indoor-env/build/myenv/install.log'
[2.076s] Invoked command in '/home/liam/CS460_HW1/fall2024-cs460-indoor-env/myenv' returned '0': PYTHONPATH=/home/liam/CS460_HW1/fall2024-cs460-indoor-env/build/myenv/prefix_override:/usr/lib/python3/dist-packages/colcon_core/task/python/colcon_distutils_commands:/home/liam/CS460_HW1/fall2024-cs460-indoor-env/install/myenv/lib/python3.10/site-packages:${PYTHONPATH} /usr/bin/python3 -W ignore:setup.py install is deprecated setup.py egg_info --egg-base ../build/myenv build --build-base /home/liam/CS460_HW1/fall2024-cs460-indoor-env/build/myenv/build install --record /home/liam/CS460_HW1/fall2024-cs460-indoor-env/build/myenv/install.log --single-version-externally-managed install_data
