running egg_info
creating ../build/outdoorenv/outdoorenv.egg-info
writing ../build/outdoorenv/outdoorenv.egg-info/PKG-INFO
writing dependency_links to ../build/outdoorenv/outdoorenv.egg-info/dependency_links.txt
writing entry points to ../build/outdoorenv/outdoorenv.egg-info/entry_points.txt
writing requirements to ../build/outdoorenv/outdoorenv.egg-info/requires.txt
writing top-level names to ../build/outdoorenv/outdoorenv.egg-info/top_level.txt
writing manifest file '../build/outdoorenv/outdoorenv.egg-info/SOURCES.txt'
reading manifest file '../build/outdoorenv/outdoorenv.egg-info/SOURCES.txt'
writing manifest file '../build/outdoorenv/outdoorenv.egg-info/SOURCES.txt'
running build
running build_py
creating /home/liam/CS460_HW1/fall2024-cs460-outdoor-env/build/outdoorenv/build
creating /home/liam/CS460_HW1/fall2024-cs460-outdoor-env/build/outdoorenv/build/lib
creating /home/liam/CS460_HW1/fall2024-cs460-outdoor-env/build/outdoorenv/build/lib/outdoorenv
copying outdoorenv/__init__.py -> /home/liam/CS460_HW1/fall2024-cs460-outdoor-env/build/outdoorenv/build/lib/outdoorenv
running install
running install_lib
creating /home/liam/CS460_HW1/fall2024-cs460-outdoor-env/install/outdoorenv/lib/python3.10/site-packages/outdoorenv
copying /home/liam/CS460_HW1/fall2024-cs460-outdoor-env/build/outdoorenv/build/lib/outdoorenv/__init__.py -> /home/liam/CS460_HW1/fall2024-cs460-outdoor-env/install/outdoorenv/lib/python3.10/site-packages/outdoorenv
byte-compiling /home/liam/CS460_HW1/fall2024-cs460-outdoor-env/install/outdoorenv/lib/python3.10/site-packages/outdoorenv/__init__.py to __init__.cpython-310.pyc
running install_data
creating /home/liam/CS460_HW1/fall2024-cs460-outdoor-env/install/outdoorenv/share/ament_index
creating /home/liam/CS460_HW1/fall2024-cs460-outdoor-env/install/outdoorenv/share/ament_index/resource_index
creating /home/liam/CS460_HW1/fall2024-cs460-outdoor-env/install/outdoorenv/share/ament_index/resource_index/packages
copying resource/outdoorenv -> /home/liam/CS460_HW1/fall2024-cs460-outdoor-env/install/outdoorenv/share/ament_index/resource_index/packages
copying package.xml -> /home/liam/CS460_HW1/fall2024-cs460-outdoor-env/install/outdoorenv/share/outdoorenv
creating /home/liam/CS460_HW1/fall2024-cs460-outdoor-env/install/outdoorenv/share/outdoorenv/launch
error: can't copy 'launch/webots_launch.py': doesn't exist or not a regular file
